<?xml version="1.0" encoding="UTF-8"?>
<!-- Generated by org.testng.reporters.JUnitReportReporter -->
<testsuite hostname="DESKTOP-C0G7NLP" failures="0" tests="6" name="cucumberOptions.TestLoginRunner" time="109.253" errors="0" timestamp="2023-05-07T10:46:01 SGT" skipped="0">
  <testcase classname="cucumberOptions.TestLoginRunner" name="runScenario" time="18.828"/>
  <system-out/>
  <testcase classname="cucumberOptions.TestLoginRunner" name="runScenario" time="16.166"/>
  <system-out/>
  <testcase classname="cucumberOptions.TestLoginRunner" name="runScenario" time="21.126"/>
  <system-out/>
  <testcase classname="cucumberOptions.TestLoginRunner" name="runScenario" time="12.015"/>
  <system-out/>
  <testcase classname="cucumberOptions.TestLoginRunner" name="runScenario" time="20.452"/>
  <system-out/>
  <testcase classname="cucumberOptions.TestLoginRunner" name="runScenario" time="20.666"/>
  <system-out/>
</testsuite> <!-- cucumberOptions.TestLoginRunner -->
